<?xml version="1.0" encoding="UTF-8"?>
<!-- Generated by org.testng.reporters.JUnitReportReporter -->
<testsuite skipped="0" hostname="LAPTOP-G176N8GQ" name="com.herokuapp.internet.testsuite.LoginPageTest" tests="3" failures="0" timestamp="2022-12-12T11:08:29 GMT" time="13.384" errors="0">
  <testcase name="verifyTheUsernameErrorMessage" time="3.955" classname="com.herokuapp.internet.testsuite.LoginPageTest"/>
  <system-out>
    <![CDATA[Enter username [[ChromeDriver: chrome on WINDOWS (642154dfb554af743f7557e509a9cee6)] -> name: username]
Enter password [[ChromeDriver: chrome on WINDOWS (642154dfb554af743f7557e509a9cee6)] -> name: password]
Click on login button[[ChromeDriver: chrome on WINDOWS (642154dfb554af743f7557e509a9cee6)] -> xpath: //i[contains(@class,'fa fa-2x')]]
Get invalid username text[[ChromeDriver: chrome on WINDOWS (642154dfb554af743f7557e509a9cee6)] -> xpath: //div[@class='flash error']]]]>
  </system-out>
  <testcase name="UserShouldLoginSuccessfullyWithValidCredentials" time="5.707" classname="com.herokuapp.internet.testsuite.LoginPageTest"/>
  <system-out>
    <![CDATA[Enter username [[ChromeDriver: chrome on WINDOWS (3da9004d4e3762a6f6ee42146e1dddea)] -> name: username]
Enter password [[ChromeDriver: chrome on WINDOWS (3da9004d4e3762a6f6ee42146e1dddea)] -> name: password]
Click on login button[[ChromeDriver: chrome on WINDOWS (3da9004d4e3762a6f6ee42146e1dddea)] -> xpath: //i[contains(@class,'fa fa-2x')]]
Get Secure area text[[ChromeDriver: chrome on WINDOWS (3da9004d4e3762a6f6ee42146e1dddea)] -> xpath: //body[1]/div[2]/div[1]/div[1]/h2[1]]]]>
  </system-out>
  <testcase name="verifyThePasswordErrorMessage" time="3.722" classname="com.herokuapp.internet.testsuite.LoginPageTest"/>
  <system-out>
    <![CDATA[Enter username [[ChromeDriver: chrome on WINDOWS (15e1cf606a1afb5ebe19f8967a90f78e)] -> name: username]
Enter password [[ChromeDriver: chrome on WINDOWS (15e1cf606a1afb5ebe19f8967a90f78e)] -> name: password]
Click on login button[[ChromeDriver: chrome on WINDOWS (15e1cf606a1afb5ebe19f8967a90f78e)] -> xpath: //i[contains(@class,'fa fa-2x')]]
Get invalid password text[[ChromeDriver: chrome on WINDOWS (15e1cf606a1afb5ebe19f8967a90f78e)] -> id: flash]]]>
  </system-out>
</testsuite> <!-- com.herokuapp.internet.testsuite.LoginPageTest -->
